app/build/outputs/logs/manifest-merger-debug-report.txt
-- Merging decision tree log ---
manifest
ADDED from src\main\AndroidManifest.xml:2:1-32:12
INJECTED from src\main\AndroidManifest.xml:2:1-32:12
INJECTED from src\main\AndroidManifest.xml:2:1-32:12
INJECTED from src\main\AndroidManifest.xml:2:1-32:12
MERGED from [androidx.databinding:databinding-adapters:3.4.0] AndroidManifest.xml:17:1-24:12
MERGED from [androidx.databinding:databinding-runtime:3.4.0] AndroidManifest.xml:17:1-24:12
MERGED from [com.huawei.hms:image-vision:1.0.3.301] AndroidManifest.xml:3:1-32:12
MERGED from [androidx.constraintlayout:constraintlayout:2.1.0-alpha2] AndroidManifest.xml:2:1-11:12
MERGED from [androidx.navigation:navigation-ui:2.2.1] AndroidManifest.xml:17:1-24:12
MERGED from [com.google.android.material:material:1.0.0] AndroidManifest.xml:17:1-24:12
MERGED from [androidx.appcompat:appcompat:1.2.0] AndroidManifest.xml:17:1-24:12
MERGED from [com.huawei.hms:dynamic-api:1.0.15.301] AndroidManifest.xml:2:1-20:12
MERGED from [com.huawei.android.hms:security-ssl:1.1.5.301] AndroidManifest.xml:2:1-15:12
MERGED from [com.huawei.android.hms:security-intent:1.1.5.301] AndroidManifest.xml:2:1-9:12
MERGED from [com.huawei.android.hms:security-base:1.1.5.301] AndroidManifest.xml:2:1-9:12
MERGED from [com.huawei.hms:image-vision-fallback:1.0.3.301] AndroidManifest.xml:3:1-12:12
MERGED from [androidx.appcompat:appcompat-resources:1.2.0] AndroidManifest.xml:17:1-24:12
MERGED from [androidx.recyclerview:recyclerview:1.0.0] AndroidManifest.xml:17:1-22:12
MERGED from [androidx.legacy:legacy-support-core-ui:1.0.0] AndroidManifest.xml:17:1-22:12
MERGED from [androidx.drawerlayout:drawerlayout:1.0.0] AndroidManifest.xml:17:1-22:12
MERGED from [androidx.vectordrawable:vectordrawable-animated:1.1.0] AndroidManifest.xml:17:1-24:12
MERGED from [androidx.vectordrawable:vectordrawable:1.1.0] AndroidManifest.xml:17:1-24:12
MERGED from [androidx.navigation:navigation-fragment:2.2.1] AndroidManifest.xml:17:1-24:12
MERGED from [androidx.fragment:fragment:1.2.1] AndroidManifest.xml:17:1-24:12
MERGED from [androidx.viewpager:viewpager:1.0.0] AndroidManifest.xml:17:1-22:12
MERGED from [androidx.coordinatorlayout:coordinatorlayout:1.0.0] AndroidManifest.xml:17:1-22:12
MERGED from [androidx.slidingpanelayout:slidingpanelayout:1.0.0] AndroidManifest.xml:17:1-22:12
MERGED from [androidx.customview:customview:1.0.0] AndroidManifest.xml:17:1-22:12
MERGED from [androidx.transition:transition:1.0.1] AndroidManifest.xml:17:1-22:12
MERGED from [androidx.legacy:legacy-support-core-utils:1.0.0] AndroidManifest.xml:17:1-22:12
MERGED from [androidx.loader:loader:1.0.0] AndroidManifest.xml:17:1-22:12
MERGED from [androidx.navigation:navigation-runtime:2.2.1] AndroidManifest.xml:17:1-24:12
MERGED from [androidx.activity:activity:1.1.0] AndroidManifest.xml:17:1-24:12
MERGED from [androidx.navigation:navigation-common:2.2.1] AndroidManifest.xml:17:1-24:12
MERGED from [androidx.swiperefreshlayout:swiperefreshlayout:1.0.0] AndroidManifest.xml:17:1-22:12
MERGED from [androidx.asynclayoutinflater:asynclayoutinflater:1.0.0] AndroidManifest.xml:17:1-22:12
MERGED from [androidx.core:core:1.3.2] AndroidManifest.xml:17:1-26:12
MERGED from [androidx.lifecycle:lifecycle-runtime:2.2.0] AndroidManifest.xml:17:1-24:12
MERGED from [androidx.versionedparcelable:versionedparcelable:1.1.0] AndroidManifest.xml:17:1-27:12
MERGED from [androidx.cursoradapter:cursoradapter:1.0.0] AndroidManifest.xml:17:1-22:12
MERGED from [androidx.exifinterface:exifinterface:1.2.0] AndroidManifest.xml:17:1-24:12
MERGED from [androidx.interpolator:interpolator:1.0.0] AndroidManifest.xml:17:1-22:12
MERGED from [androidx.lifecycle:lifecycle-viewmodel-savedstate:2.2.0] AndroidManifest.xml:17:1-24:12
MERGED from [androidx.lifecycle:lifecycle-viewmodel:2.2.0] AndroidManifest.xml:17:1-24:12
MERGED from [androidx.savedstate:savedstate:1.0.0] AndroidManifest.xml:17:1-24:12
MERGED from [androidx.cardview:cardview:1.0.0] AndroidManifest.xml:17:1-22:12
MERGED from [androidx.lifecycle:lifecycle-livedata:2.0.0] AndroidManifest.xml:17:1-22:12
MERGED from [androidx.lifecycle:lifecycle-livedata-core:2.2.0] AndroidManifest.xml:17:1-24:12
MERGED from [androidx.arch.core:core-runtime:2.1.0] AndroidManifest.xml:17:1-24:12
MERGED from [androidx.documentfile:documentfile:1.0.0] AndroidManifest.xml:17:1-22:12
MERGED from [androidx.localbroadcastmanager:localbroadcastmanager:1.0.0] AndroidManifest.xml:17:1-22:12
MERGED from [androidx.print:print:1.0.0] AndroidManifest.xml:17:1-22:12
MERGED from [com.huawei.hms:base:4.0.2.300] AndroidManifest.xml:2:1-59:12
MERGED from [com.huawei.hms:dynamic-loader-fallback:1.0.15.301] AndroidManifest.xml:2:1-11:12
MERGED from [com.huawei.agconnect:agconnect-core:1.0.0.300] AndroidManifest.xml:2:1-20:12
MERGED from [com.huawei.hmf:tasks:1.3.3.300] AndroidManifest.xml:2:1-10:12
MERGED from [com.huawei.hms:network-grs:4.0.2.300] AndroidManifest.xml:2:1-11:12
MERGED from [com.huawei.hms:update:2.0.6.300] AndroidManifest.xml:2:1-41:12
MERGED from [com.huawei.hms:network-common:4.0.2.300] AndroidManifest.xml:2:1-11:12
INJECTED from src\main\AndroidManifest.xml:2:1-32:12
INJECTED from src\main\AndroidManifest.xml:2:1-32:12
INJECTED from src\main\AndroidManifest.xml:2:1-32:12
	package
		ADDED from src\main\AndroidManifest.xml:3:9-53
		INJECTED from src\main\AndroidManifest.xml
		INJECTED from src\main\AndroidManifest.xml
	android:versionName
		INJECTED from src\main\AndroidManifest.xml
		ADDED from src\main\AndroidManifest.xml:2:1-32:12
		INJECTED from src\main\AndroidManifest.xml
	android:versionCode
		INJECTED from src\main\AndroidManifest.xml
		ADDED from src\main\AndroidManifest.xml:2:1-32:12
		INJECTED from src\main\AndroidManifest.xml
	xmlns:android
		ADDED from src\main\AndroidManifest.xml:2:11-69
uses-permission#android.permission.INTERNET
ADDED from src\main\AndroidManifest.xml:5:5-66
MERGED from [com.huawei.hms:image-vision:1.0.3.301] AndroidManifest.xml:13:5-67
MERGED from [com.huawei.hms:image-vision:1.0.3.301] AndroidManifest.xml:13:5-67
MERGED from [com.huawei.hms:base:4.0.2.300] AndroidManifest.xml:10:5-67
MERGED from [com.huawei.hms:base:4.0.2.300] AndroidManifest.xml:10:5-67
MERGED from [com.huawei.hms:update:2.0.6.300] AndroidManifest.xml:11:5-67
MERGED from [com.huawei.hms:update:2.0.6.300] AndroidManifest.xml:11:5-67
	android:name
		ADDED from src\main\AndroidManifest.xml:5:22-64
uses-permission#android.permission.ACCESS_NETWORK_STATE
ADDED from src\main\AndroidManifest.xml:6:5-79
MERGED from [com.huawei.hms:base:4.0.2.300] AndroidManifest.xml:14:5-79
MERGED from [com.huawei.hms:base:4.0.2.300] AndroidManifest.xml:14:5-79
MERGED from [com.huawei.hms:update:2.0.6.300] AndroidManifest.xml:12:5-79
MERGED from [com.huawei.hms:update:2.0.6.300] AndroidManifest.xml:12:5-79
	android:name
		ADDED from src\main\AndroidManifest.xml:6:22-76
uses-permission#android.permission.ACCESS_WIFI_STATE
ADDED from src\main\AndroidManifest.xml:7:5-76
	android:name
		ADDED from src\main\AndroidManifest.xml:7:22-73
uses-permission#android.permission.READ_EXTERNAL_STORAGE
ADDED from src\main\AndroidManifest.xml:8:5-80
MERGED from [com.huawei.hms:image-vision:1.0.3.301] AndroidManifest.xml:14:5-80
MERGED from [com.huawei.hms:image-vision:1.0.3.301] AndroidManifest.xml:14:5-80
	android:name
		ADDED from src\main\AndroidManifest.xml:8:22-77
uses-permission#android.permission.WRITE_EXTERNAL_STORAGE
ADDED from src\main\AndroidManifest.xml:9:2-78
MERGED from [com.huawei.hms:base:4.0.2.300] AndroidManifest.xml:12:5-81
MERGED from [com.huawei.hms:base:4.0.2.300] AndroidManifest.xml:12:5-81
	android:name
		ADDED from src\main\AndroidManifest.xml:9:19-75
application
ADDED from src\main\AndroidManifest.xml:10:5-30:19
MERGED from [com.huawei.hms:image-vision:1.0.3.301] AndroidManifest.xml:16:5-30:19
MERGED from [com.huawei.hms:image-vision:1.0.3.301] AndroidManifest.xml:16:5-30:19
MERGED from [androidx.constraintlayout:constraintlayout:2.1.0-alpha2] AndroidManifest.xml:9:5-20
MERGED from [androidx.constraintlayout:constraintlayout:2.1.0-alpha2] AndroidManifest.xml:9:5-20
MERGED from [com.google.android.material:material:1.0.0] AndroidManifest.xml:22:5-20
MERGED from [com.google.android.material:material:1.0.0] AndroidManifest.xml:22:5-20
MERGED from [com.huawei.hms:dynamic-api:1.0.15.301] AndroidManifest.xml:11:5-18:19
MERGED from [com.huawei.hms:dynamic-api:1.0.15.301] AndroidManifest.xml:11:5-18:19
MERGED from [com.huawei.android.hms:security-ssl:1.1.5.301] AndroidManifest.xml:9:5-13:19
MERGED from [com.huawei.android.hms:security-ssl:1.1.5.301] AndroidManifest.xml:9:5-13:19
MERGED from [androidx.core:core:1.3.2] AndroidManifest.xml:24:5-89
MERGED from [androidx.core:core:1.3.2] AndroidManifest.xml:24:5-89
MERGED from [androidx.versionedparcelable:versionedparcelable:1.1.0] AndroidManifest.xml:24:5-25:19
MERGED from [androidx.versionedparcelable:versionedparcelable:1.1.0] AndroidManifest.xml:24:5-25:19
MERGED from [com.huawei.hms:base:4.0.2.300] AndroidManifest.xml:20:5-57:19
MERGED from [com.huawei.hms:base:4.0.2.300] AndroidManifest.xml:20:5-57:19
MERGED from [com.huawei.agconnect:agconnect-core:1.0.0.300] AndroidManifest.xml:9:5-18:19
MERGED from [com.huawei.agconnect:agconnect-core:1.0.0.300] AndroidManifest.xml:9:5-18:19
MERGED from [com.huawei.hms:update:2.0.6.300] AndroidManifest.xml:20:5-39:19
MERGED from [com.huawei.hms:update:2.0.6.300] AndroidManifest.xml:20:5-39:19
	android:appComponentFactory
		ADDED from [androidx.core:core:1.3.2] AndroidManifest.xml:24:18-86
	android:supportsRtl
		ADDED from src\main\AndroidManifest.xml:17:13-39
	android:label
		ADDED from src\main\AndroidManifest.xml:14:13-45
	android:hardwareAccelerated
		ADDED from src\main\AndroidManifest.xml:11:13-48
	tools:ignore
		ADDED from [com.huawei.hms:image-vision:1.0.3.301] AndroidManifest.xml:23:9-33
	android:roundIcon
		ADDED from src\main\AndroidManifest.xml:16:13-58
	android:largeHeap
		ADDED from src\main\AndroidManifest.xml:15:13-37
	android:icon
		ADDED from src\main\AndroidManifest.xml:13:13-47
	android:allowBackup
		ADDED from src\main\AndroidManifest.xml:12:13-40
	android:theme
		ADDED from src\main\AndroidManifest.xml:18:13-44
activity#com.huawei.hms.image.vision.sample.SmartLayoutActivity
ADDED from src\main\AndroidManifest.xml:19:9-66
	android:name
		ADDED from src\main\AndroidManifest.xml:19:19-54
activity#com.huawei.hms.image.vision.sample.FilterActivity
ADDED from src\main\AndroidManifest.xml:20:9-61
	android:name
		ADDED from src\main\AndroidManifest.xml:20:19-49
activity#com.huawei.hms.image.vision.sample.StickerActivity
ADDED from src\main\AndroidManifest.xml:21:9-62
	android:name
		ADDED from src\main\AndroidManifest.xml:21:19-50
activity#com.huawei.hms.image.vision.sample.ThemeTagActivity
ADDED from src\main\AndroidManifest.xml:22:9-63
	android:name
		ADDED from src\main\AndroidManifest.xml:22:19-51
activity#com.huawei.hms.image.vision.sample.CropImageActivity
ADDED from src\main\AndroidManifest.xml:23:9-54
	android:name
		ADDED from src\main\AndroidManifest.xml:23:19-52
activity#com.huawei.hms.image.vision.sample.ImageKitVisionMainActivity
ADDED from src\main\AndroidManifest.xml:24:9-29:20
	android:name
		ADDED from src\main\AndroidManifest.xml:24:19-61
intent-filter#action:name:android.intent.action.MAIN+category:name:android.intent.category.LAUNCHER
ADDED from src\main\AndroidManifest.xml:25:13-28:29
action#android.intent.action.MAIN
ADDED from src\main\AndroidManifest.xml:26:17-69
	android:name
		ADDED from src\main\AndroidManifest.xml:26:25-66
category#android.intent.category.LAUNCHER
ADDED from src\main\AndroidManifest.xml:27:17-77
	android:name
		ADDED from src\main\AndroidManifest.xml:27:27-74
uses-sdk
INJECTED from src\main\AndroidManifest.xml reason: use-sdk injection requested
INJECTED from src\main\AndroidManifest.xml
INJECTED from src\main\AndroidManifest.xml
MERGED from [androidx.databinding:databinding-adapters:3.4.0] AndroidManifest.xml:22:5-44
MERGED from [androidx.databinding:databinding-adapters:3.4.0] AndroidManifest.xml:22:5-44
MERGED from [androidx.databinding:databinding-runtime:3.4.0] AndroidManifest.xml:22:5-44
MERGED from [androidx.databinding:databinding-runtime:3.4.0] AndroidManifest.xml:22:5-44
MERGED from [com.huawei.hms:image-vision:1.0.3.301] AndroidManifest.xml:9:5-11:41
MERGED from [com.huawei.hms:image-vision:1.0.3.301] AndroidManifest.xml:9:5-11:41
MERGED from [androidx.constraintlayout:constraintlayout:2.1.0-alpha2] AndroidManifest.xml:5:5-7:41
MERGED from [androidx.constraintlayout:constraintlayout:2.1.0-alpha2] AndroidManifest.xml:5:5-7:41
MERGED from [androidx.navigation:navigation-ui:2.2.1] AndroidManifest.xml:20:5-22:41
MERGED from [androidx.navigation:navigation-ui:2.2.1] AndroidManifest.xml:20:5-22:41
MERGED from [com.google.android.material:material:1.0.0] AndroidManifest.xml:20:5-44
MERGED from [com.google.android.material:material:1.0.0] AndroidManifest.xml:20:5-44
MERGED from [androidx.appcompat:appcompat:1.2.0] AndroidManifest.xml:20:5-22:41
MERGED from [androidx.appcompat:appcompat:1.2.0] AndroidManifest.xml:20:5-22:41
MERGED from [com.huawei.hms:dynamic-api:1.0.15.301] AndroidManifest.xml:7:5-9:41
MERGED from [com.huawei.hms:dynamic-api:1.0.15.301] AndroidManifest.xml:7:5-9:41
MERGED from [com.huawei.android.hms:security-ssl:1.1.5.301] AndroidManifest.xml:7:5-43
MERGED from [com.huawei.android.hms:security-ssl:1.1.5.301] AndroidManifest.xml:7:5-43
MERGED from [com.huawei.android.hms:security-intent:1.1.5.301] AndroidManifest.xml:7:5-43
MERGED from [com.huawei.android.hms:security-intent:1.1.5.301] AndroidManifest.xml:7:5-43
MERGED from [com.huawei.android.hms:security-base:1.1.5.301] AndroidManifest.xml:7:5-43
MERGED from [com.huawei.android.hms:security-base:1.1.5.301] AndroidManifest.xml:7:5-43
MERGED from [com.huawei.hms:image-vision-fallback:1.0.3.301] AndroidManifest.xml:8:5-10:41
MERGED from [com.huawei.hms:image-vision-fallback:1.0.3.301] AndroidManifest.xml:8:5-10:41
MERGED from [androidx.appcompat:appcompat-resources:1.2.0] AndroidManifest.xml:20:5-22:41
MERGED from [androidx.appcompat:appcompat-resources:1.2.0] AndroidManifest.xml:20:5-22:41
MERGED from [androidx.recyclerview:recyclerview:1.0.0] AndroidManifest.xml:20:5-44
MERGED from [androidx.recyclerview:recyclerview:1.0.0] AndroidManifest.xml:20:5-44
MERGED from [androidx.legacy:legacy-support-core-ui:1.0.0] AndroidManifest.xml:20:5-44
MERGED from [androidx.legacy:legacy-support-core-ui:1.0.0] AndroidManifest.xml:20:5-44
MERGED from [androidx.drawerlayout:drawerlayout:1.0.0] AndroidManifest.xml:20:5-44
MERGED from [androidx.drawerlayout:drawerlayout:1.0.0] AndroidManifest.xml:20:5-44
MERGED from [androidx.vectordrawable:vectordrawable-animated:1.1.0] AndroidManifest.xml:20:5-22:41
MERGED from [androidx.vectordrawable:vectordrawable-animated:1.1.0] AndroidManifest.xml:20:5-22:41
MERGED from [androidx.vectordrawable:vectordrawable:1.1.0] AndroidManifest.xml:20:5-22:41
MERGED from [androidx.vectordrawable:vectordrawable:1.1.0] AndroidManifest.xml:20:5-22:41
MERGED from [androidx.navigation:navigation-fragment:2.2.1] AndroidManifest.xml:20:5-22:41
MERGED from [androidx.navigation:navigation-fragment:2.2.1] AndroidManifest.xml:20:5-22:41
MERGED from [androidx.fragment:fragment:1.2.1] AndroidManifest.xml:20:5-22:41
MERGED from [androidx.fragment:fragment:1.2.1] AndroidManifest.xml:20:5-22:41
MERGED from [androidx.viewpager:viewpager:1.0.0] AndroidManifest.xml:20:5-44
MERGED from [androidx.viewpager:viewpager:1.0.0] AndroidManifest.xml:20:5-44
MERGED from [androidx.coordinatorlayout:coordinatorlayout:1.0.0] AndroidManifest.xml:20:5-44
MERGED from [androidx.coordinatorlayout:coordinatorlayout:1.0.0] AndroidManifest.xml:20:5-44
MERGED from [androidx.slidingpanelayout:slidingpanelayout:1.0.0] AndroidManifest.xml:20:5-44
MERGED from [androidx.slidingpanelayout:slidingpanelayout:1.0.0] AndroidManifest.xml:20:5-44
MERGED from [androidx.customview:customview:1.0.0] AndroidManifest.xml:20:5-44
MERGED from [androidx.customview:customview:1.0.0] AndroidManifest.xml:20:5-44
MERGED from [androidx.transition:transition:1.0.1] AndroidManifest.xml:20:5-44
MERGED from [androidx.transition:transition:1.0.1] AndroidManifest.xml:20:5-44
MERGED from [androidx.legacy:legacy-support-core-utils:1.0.0] AndroidManifest.xml:20:5-44
MERGED from [androidx.legacy:legacy-support-core-utils:1.0.0] AndroidManifest.xml:20:5-44
MERGED from [androidx.loader:loader:1.0.0] AndroidManifest.xml:20:5-44
MERGED from [androidx.loader:loader:1.0.0] AndroidManifest.xml:20:5-44
MERGED from [androidx.navigation:navigation-runtime:2.2.1] AndroidManifest.xml:20:5-22:41
MERGED from [androidx.navigation:navigation-runtime:2.2.1] AndroidManifest.xml:20:5-22:41
MERGED from [androidx.activity:activity:1.1.0] AndroidManifest.xml:20:5-22:41
MERGED from [androidx.activity:activity:1.1.0] AndroidManifest.xml:20:5-22:41
MERGED from [androidx.navigation:navigation-common:2.2.1] AndroidManifest.xml:20:5-22:41
MERGED from [androidx.navigation:navigation-common:2.2.1] AndroidManifest.xml:20:5-22:41
MERGED from [androidx.swiperefreshlayout:swiperefreshlayout:1.0.0] AndroidManifest.xml:20:5-44
MERGED from [androidx.swiperefreshlayout:swiperefreshlayout:1.0.0] AndroidManifest.xml:20:5-44
MERGED from [androidx.asynclayoutinflater:asynclayoutinflater:1.0.0] AndroidManifest.xml:20:5-44
MERGED from [androidx.asynclayoutinflater:asynclayoutinflater:1.0.0] AndroidManifest.xml:20:5-44
MERGED from [androidx.core:core:1.3.2] AndroidManifest.xml:20:5-22:41
MERGED from [androidx.core:core:1.3.2] AndroidManifest.xml:20:5-22:41
MERGED from [androidx.lifecycle:lifecycle-runtime:2.2.0] AndroidManifest.xml:20:5-22:41
MERGED from [androidx.lifecycle:lifecycle-runtime:2.2.0] AndroidManifest.xml:20:5-22:41
MERGED from [androidx.versionedparcelable:versionedparcelable:1.1.0] AndroidManifest.xml:20:5-22:41
MERGED from [androidx.versionedparcelable:versionedparcelable:1.1.0] AndroidManifest.xml:20:5-22:41
MERGED from [androidx.cursoradapter:cursoradapter:1.0.0] AndroidManifest.xml:20:5-44
MERGED from [androidx.cursoradapter:cursoradapter:1.0.0] AndroidManifest.xml:20:5-44
MERGED from [androidx.exifinterface:exifinterface:1.2.0] AndroidManifest.xml:20:5-22:41
MERGED from [androidx.exifinterface:exifinterface:1.2.0] AndroidManifest.xml:20:5-22:41
MERGED from [androidx.interpolator:interpolator:1.0.0] AndroidManifest.xml:20:5-44
MERGED from [androidx.interpolator:interpolator:1.0.0] AndroidManifest.xml:20:5-44
MERGED from [androidx.lifecycle:lifecycle-viewmodel-savedstate:2.2.0] AndroidManifest.xml:20:5-22:41
MERGED from [androidx.lifecycle:lifecycle-viewmodel-savedstate:2.2.0] AndroidManifest.xml:20:5-22:41
MERGED from [androidx.lifecycle:lifecycle-viewmodel:2.2.0] AndroidManifest.xml:20:5-22:41
MERGED from [androidx.lifecycle:lifecycle-viewmodel:2.2.0] AndroidManifest.xml:20:5-22:41
MERGED from [androidx.savedstate:savedstate:1.0.0] AndroidManifest.xml:20:5-22:41
MERGED from [androidx.savedstate:savedstate:1.0.0] AndroidManifest.xml:20:5-22:41
MERGED from [androidx.cardview:cardview:1.0.0] AndroidManifest.xml:20:5-44
MERGED from [androidx.cardview:cardview:1.0.0] AndroidManifest.xml:20:5-44
MERGED from [androidx.lifecycle:lifecycle-livedata:2.0.0] AndroidManifest.xml:20:5-44
MERGED from [androidx.lifecycle:lifecycle-livedata:2.0.0] AndroidManifest.xml:20:5-44
MERGED from [androidx.lifecycle:lifecycle-livedata-core:2.2.0] AndroidManifest.xml:20:5-22:41
MERGED from [androidx.lifecycle:lifecycle-livedata-core:2.2.0] AndroidManifest.xml:20:5-22:41
MERGED from [androidx.arch.core:core-runtime:2.1.0] AndroidManifest.xml:20:5-22:41
MERGED from [androidx.arch.core:core-runtime:2.1.0] AndroidManifest.xml:20:5-22:41
MERGED from [androidx.documentfile:documentfile:1.0.0] AndroidManifest.xml:20:5-44
MERGED from [androidx.documentfile:documentfile:1.0.0] AndroidManifest.xml:20:5-44
MERGED from [androidx.localbroadcastmanager:localbroadcastmanager:1.0.0] AndroidManifest.xml:20:5-44
MERGED from [androidx.localbroadcastmanager:localbroadcastmanager:1.0.0] AndroidManifest.xml:20:5-44
MERGED from [androidx.print:print:1.0.0] AndroidManifest.xml:20:5-44
MERGED from [androidx.print:print:1.0.0] AndroidManifest.xml:20:5-44
MERGED from [com.huawei.hms:base:4.0.2.300] AndroidManifest.xml:5:5-7:41
MERGED from [com.huawei.hms:base:4.0.2.300] AndroidManifest.xml:5:5-7:41
MERGED from [com.huawei.hms:dynamic-loader-fallback:1.0.15.301] AndroidManifest.xml:7:5-9:41
MERGED from [com.huawei.hms:dynamic-loader-fallback:1.0.15.301] AndroidManifest.xml:7:5-9:41
MERGED from [com.huawei.agconnect:agconnect-core:1.0.0.300] AndroidManifest.xml:5:5-7:41
MERGED from [com.huawei.agconnect:agconnect-core:1.0.0.300] AndroidManifest.xml:5:5-7:41
MERGED from [com.huawei.hmf:tasks:1.3.3.300] AndroidManifest.xml:6:5-8:41
MERGED from [com.huawei.hmf:tasks:1.3.3.300] AndroidManifest.xml:6:5-8:41
MERGED from [com.huawei.hms:network-grs:4.0.2.300] AndroidManifest.xml:7:5-9:41
MERGED from [com.huawei.hms:network-grs:4.0.2.300] AndroidManifest.xml:7:5-9:41
MERGED from [com.huawei.hms:update:2.0.6.300] AndroidManifest.xml:7:5-9:41
MERGED from [com.huawei.hms:update:2.0.6.300] AndroidManifest.xml:7:5-9:41
MERGED from [com.huawei.hms:network-common:4.0.2.300] AndroidManifest.xml:7:5-9:41
MERGED from [com.huawei.hms:network-common:4.0.2.300] AndroidManifest.xml:7:5-9:41
INJECTED from src\main\AndroidManifest.xml
INJECTED from src\main\AndroidManifest.xml
	android:targetSdkVersion
		INJECTED from src\main\AndroidManifest.xml
		ADDED from src\main\AndroidManifest.xml
		INJECTED from src\main\AndroidManifest.xml
	android:minSdkVersion
		INJECTED from src\main\AndroidManifest.xml
		ADDED from src\main\AndroidManifest.xml
		INJECTED from src\main\AndroidManifest.xml
meta-data#com.huawei.hms.client.service.name:image-vision
ADDED from [com.huawei.hms:image-vision:1.0.3.301] AndroidManifest.xml:24:9-26:54
	android:value
		ADDED from [com.huawei.hms:image-vision:1.0.3.301] AndroidManifest.xml:26:13-51
	android:name
		ADDED from [com.huawei.hms:image-vision:1.0.3.301] AndroidManifest.xml:25:13-75
meta-data#com.huawei.hms.min_api_level:image-vision:huawei_module_imagevision
ADDED from [com.huawei.hms:image-vision:1.0.3.301] AndroidManifest.xml:27:9-29:40
	android:value
		ADDED from [com.huawei.hms:image-vision:1.0.3.301] AndroidManifest.xml:29:13-37
	android:name
		ADDED from [com.huawei.hms:image-vision:1.0.3.301] AndroidManifest.xml:28:13-95
meta-data#com.huawei.hms.client.service.name:dynamic-api
ADDED from [com.huawei.hms:dynamic-api:1.0.15.301] AndroidManifest.xml:12:9-14:54
	android:value
		ADDED from [com.huawei.hms:dynamic-api:1.0.15.301] AndroidManifest.xml:14:13-51
	android:name
		ADDED from [com.huawei.hms:dynamic-api:1.0.15.301] AndroidManifest.xml:13:13-74
meta-data#com.huawei.hms.min_api_level:dynamic-api:huawei_module_dynamicloader
ADDED from [com.huawei.hms:dynamic-api:1.0.15.301] AndroidManifest.xml:15:9-17:33
	android:value
		ADDED from [com.huawei.hms:dynamic-api:1.0.15.301] AndroidManifest.xml:17:13-30
	android:name
		ADDED from [com.huawei.hms:dynamic-api:1.0.15.301] AndroidManifest.xml:16:13-96
uses-library#org.apache.http.legacy
ADDED from [com.huawei.android.hms:security-ssl:1.1.5.301] AndroidManifest.xml:10:9-12:40
	android:required
		ADDED from [com.huawei.android.hms:security-ssl:1.1.5.301] AndroidManifest.xml:12:13-37
	android:name
		ADDED from [com.huawei.android.hms:security-ssl:1.1.5.301] AndroidManifest.xml:11:13-50
uses-permission#android.permission.REQUEST_INSTALL_PACKAGES
ADDED from [com.huawei.hms:base:4.0.2.300] AndroidManifest.xml:16:5-83
MERGED from [com.huawei.hms:update:2.0.6.300] AndroidManifest.xml:15:5-83
MERGED from [com.huawei.hms:update:2.0.6.300] AndroidManifest.xml:15:5-83
	android:name
		ADDED from [com.huawei.hms:base:4.0.2.300] AndroidManifest.xml:16:22-80
uses-permission#com.huawei.appmarket.service.commondata.permission.GET_COMMON_DATA
ADDED from [com.huawei.hms:base:4.0.2.300] AndroidManifest.xml:18:5-106
MERGED from [com.huawei.hms:update:2.0.6.300] AndroidManifest.xml:18:5-106
MERGED from [com.huawei.hms:update:2.0.6.300] AndroidManifest.xml:18:5-106
	android:name
		ADDED from [com.huawei.hms:base:4.0.2.300] AndroidManifest.xml:18:22-103
meta-data#com.huawei.hms.client.service.name:base
ADDED from [com.huawei.hms:base:4.0.2.300] AndroidManifest.xml:26:9-28:46
	android:value
		ADDED from [com.huawei.hms:base:4.0.2.300] AndroidManifest.xml:28:13-43
	android:name
		ADDED from [com.huawei.hms:base:4.0.2.300] AndroidManifest.xml:27:13-67
meta-data#com.huawei.hms.min_api_level:base:hmscore
ADDED from [com.huawei.hms:base:4.0.2.300] AndroidManifest.xml:31:9-33:33
	android:value
		ADDED from [com.huawei.hms:base:4.0.2.300] AndroidManifest.xml:33:13-30
	android:name
		ADDED from [com.huawei.hms:base:4.0.2.300] AndroidManifest.xml:32:13-69
activity#com.huawei.hms.activity.BridgeActivity
ADDED from [com.huawei.hms:base:4.0.2.300] AndroidManifest.xml:35:9-45:20
	android:excludeFromRecents
		ADDED from [com.huawei.hms:base:4.0.2.300] AndroidManifest.xml:38:13-46
	android:hardwareAccelerated
		ADDED from [com.huawei.hms:base:4.0.2.300] AndroidManifest.xml:40:13-47
	android:exported
		ADDED from [com.huawei.hms:base:4.0.2.300] AndroidManifest.xml:39:13-37
	android:configChanges
		ADDED from [com.huawei.hms:base:4.0.2.300] AndroidManifest.xml:37:13-124
	android:theme
		ADDED from [com.huawei.hms:base:4.0.2.300] AndroidManifest.xml:41:13-61
	android:name
		ADDED from [com.huawei.hms:base:4.0.2.300] AndroidManifest.xml:36:13-66
meta-data#hwc-theme
ADDED from [com.huawei.hms:base:4.0.2.300] AndroidManifest.xml:42:13-44:77
	android:value
		ADDED from [com.huawei.hms:base:4.0.2.300] AndroidManifest.xml:44:17-74
	android:name
		ADDED from [com.huawei.hms:base:4.0.2.300] AndroidManifest.xml:43:17-41
activity#com.huawei.hms.activity.EnableServiceActivity
ADDED from [com.huawei.hms:base:4.0.2.300] AndroidManifest.xml:46:9-49:20
	android:configChanges
		ADDED from [com.huawei.hms:base:4.0.2.300] AndroidManifest.xml:48:13-106
	android:name
		ADDED from [com.huawei.hms:base:4.0.2.300] AndroidManifest.xml:47:13-73
provider#com.huawei.hms.update.provider.UpdateProvider
ADDED from [com.huawei.hms:base:4.0.2.300] AndroidManifest.xml:51:9-56:20
	android:grantUriPermissions
		ADDED from [com.huawei.hms:base:4.0.2.300] AndroidManifest.xml:55:13-47
	android:authorities
		ADDED from [com.huawei.hms:base:4.0.2.300] AndroidManifest.xml:53:13-71
	android:exported
		ADDED from [com.huawei.hms:base:4.0.2.300] AndroidManifest.xml:54:13-37
	android:name
		ADDED from [com.huawei.hms:base:4.0.2.300] AndroidManifest.xml:52:13-73
provider#com.huawei.agconnect.core.provider.AGConnectInitializeProvider
ADDED from [com.huawei.agconnect:agconnect-core:1.0.0.300] AndroidManifest.xml:10:9-13:40
	android:authorities
		ADDED from [com.huawei.agconnect:agconnect-core:1.0.0.300] AndroidManifest.xml:12:13-73
	android:exported
		ADDED from [com.huawei.agconnect:agconnect-core:1.0.0.300] AndroidManifest.xml:13:13-37
	android:name
		ADDED from [com.huawei.agconnect:agconnect-core:1.0.0.300] AndroidManifest.xml:11:13-90
service#com.huawei.agconnect.core.ServiceDiscovery
ADDED from [com.huawei.agconnect:agconnect-core:1.0.0.300] AndroidManifest.xml:15:9-17:40
	android:exported
		ADDED from [com.huawei.agconnect:agconnect-core:1.0.0.300] AndroidManifest.xml:17:13-37
	android:name
		ADDED from [com.huawei.agconnect:agconnect-core:1.0.0.300] AndroidManifest.xml:16:13-70
activity#com.huawei.updatesdk.service.otaupdate.AppUpdateActivity
ADDED from [com.huawei.hms:update:2.0.6.300] AndroidManifest.xml:21:9-29:20
	android:exported
		ADDED from [com.huawei.hms:update:2.0.6.300] AndroidManifest.xml:24:13-37
	android:configChanges
		ADDED from [com.huawei.hms:update:2.0.6.300] AndroidManifest.xml:23:13-59
	android:theme
		ADDED from [com.huawei.hms:update:2.0.6.300] AndroidManifest.xml:25:13-49
	android:name
		ADDED from [com.huawei.hms:update:2.0.6.300] AndroidManifest.xml:22:13-84
activity#com.huawei.updatesdk.support.pm.PackageInstallerActivity
ADDED from [com.huawei.hms:update:2.0.6.300] AndroidManifest.xml:30:9-38:20
	android:exported
		ADDED from [com.huawei.hms:update:2.0.6.300] AndroidManifest.xml:33:13-37
	android:configChanges
		ADDED from [com.huawei.hms:update:2.0.6.300] AndroidManifest.xml:32:13-74
	android:theme
		ADDED from [com.huawei.hms:update:2.0.6.300] AndroidManifest.xml:34:13-49
	android:name
		ADDED from [com.huawei.hms:update:2.0.6.300] AndroidManifest.xml:31:13-84